<?xml version="1.0" encoding="UTF-8"?>
<!-- Generated by org.testng.reporters.JUnitXMLReporter -->
<testsuite ignored="0" hostname="pintu-kumar-sah" failures="0" tests="5" name="Login Test" time="29.645" errors="0" timestamp="2026-06-09T23:36:42 IST">
  <testcase classname="testCases.LoginTest" name="loginTest" time="5.032"/>
  <testcase classname="testCases.LoginTest" name="loginTest" time="3.433"/>
  <testcase classname="testCases.LoginTest" name="loginTest" time="3.445"/>
  <testcase classname="testCases.LoginTest" name="loginTest" time="3.642"/>
  <testcase classname="testCases.LoginTest" name="loginTest" time="3.376"/>
</testsuite> <!-- Login Test -->
