<?xml version="1.0" encoding="UTF-8"?>
<!-- Generated by org.testng.reporters.JUnitXMLReporter -->
<testsuite ignored="0" hostname="pintu-kumar-sah" failures="0" tests="4" name="Search user" time="20.152" errors="0" timestamp="2026-06-10T00:50:57 IST">
  <testcase classname="testCases.AdminTest" name="verifyLeftMenuCount" time="0.04"/>
  <testcase classname="testCases.AdminTest" name="searchByUsernameTest" time="2.783"/>
  <testcase classname="testCases.AdminTest" name="searchByRoleTest" time="3.203"/>
  <testcase classname="testCases.AdminTest" name="searchByStatusTest" time="2.806"/>
</testsuite> <!-- Search user -->
