<?xml version="1.0" encoding="UTF-8"?>
<!-- Generated by org.testng.reporters.JUnitXMLReporter -->
<testsuite ignored="0" hostname="pintu-kumar-sah" failures="0" tests="4" name="Search user" time="24.384" errors="0" timestamp="2026-06-09T23:36:37 IST">
  <testcase classname="testCases.AdminTest" name="verifyLeftMenuCount" time="0.048"/>
  <testcase classname="testCases.AdminTest" name="searchByUsernameTest" time="3.548"/>
  <testcase classname="testCases.AdminTest" name="searchByRoleTest" time="3.638"/>
  <testcase classname="testCases.AdminTest" name="searchByStatusTest" time="4.485"/>
</testsuite> <!-- Search user -->
