<?xml version="1.0" encoding="UTF-8"?>
<!-- Generated by org.testng.reporters.JUnitXMLReporter -->
<testsuite ignored="0" hostname="pintu-kumar-sah" failures="0" tests="5" name="Default test" time="27.827" errors="0" timestamp="2026-06-10T00:47:30 IST">
  <testcase classname="testCases.LoginTest" name="loginTest" time="5.49"/>
  <testcase classname="testCases.LoginTest" name="loginTest" time="4.205"/>
  <testcase classname="testCases.LoginTest" name="loginTest" time="3.289"/>
  <testcase classname="testCases.LoginTest" name="loginTest" time="3.328"/>
  <testcase classname="testCases.LoginTest" name="loginTest" time="3.988"/>
</testsuite> <!-- Default test -->
