<?xml version="1.0" encoding="UTF-8"?>
<!-- Generated by org.testng.reporters.JUnitXMLReporter -->
<testsuite ignored="0" hostname="pintu-kumar-sah" failures="0" tests="5" name="Default test" time="30.597" errors="0" timestamp="2026-06-09T23:34:02 IST">
  <testcase classname="testCases.LoginTest" name="loginTest" time="5.241"/>
  <testcase classname="testCases.LoginTest" name="loginTest" time="3.431"/>
  <testcase classname="testCases.LoginTest" name="loginTest" time="4.343"/>
  <testcase classname="testCases.LoginTest" name="loginTest" time="3.628"/>
  <testcase classname="testCases.LoginTest" name="loginTest" time="3.397"/>
</testsuite> <!-- Default test -->
