<?xml version="1.0" encoding="UTF-8"?>
<testng-results ignored="0" total="9" passed="9" failed="0" skipped="0">
  <reporter-output>
  </reporter-output>
  <suite started-at="2026-06-10T00:50:37 IST" name="Login Page and search user vilidation" finished-at="2026-06-10T00:51:03 IST" duration-ms="26166">
    <groups>
    </groups>
    <test started-at="2026-06-10T00:50:37 IST" name="Search user" finished-at="2026-06-10T00:50:57 IST" duration-ms="20152">
      <class name="testCases.AdminTest">
        <test-method is-config="true" signature="setup()[pri:0, instance:testCases.AdminTest@72ef8d15]" started-at="2026-06-10T00:50:37 IST" name="setup" finished-at="2026-06-10T00:50:42 IST" duration-ms="5958" status="PASS">
          <reporter-output>
          </reporter-output>
        </test-method> <!-- setup -->
        <test-method is-config="true" signature="loginSetup()[pri:0, instance:testCases.AdminTest@72ef8d15]" started-at="2026-06-10T00:50:42 IST" name="loginSetup" finished-at="2026-06-10T00:50:47 IST" duration-ms="4086" status="PASS">
          <reporter-output>
          </reporter-output>
        </test-method> <!-- loginSetup -->
        <test-method signature="verifyLeftMenuCount()[pri:1, instance:testCases.AdminTest@72ef8d15]" started-at="2026-06-10T00:50:47 IST" name="verifyLeftMenuCount" finished-at="2026-06-10T00:50:47 IST" duration-ms="40" status="PASS">
          <reporter-output>
          </reporter-output>
        </test-method> <!-- verifyLeftMenuCount -->
        <test-method signature="searchByUsernameTest()[pri:2, instance:testCases.AdminTest@72ef8d15]" started-at="2026-06-10T00:50:47 IST" name="searchByUsernameTest" finished-at="2026-06-10T00:50:50 IST" duration-ms="2783" status="PASS">
          <reporter-output>
          </reporter-output>
        </test-method> <!-- searchByUsernameTest -->
        <test-method signature="searchByRoleTest()[pri:3, instance:testCases.AdminTest@72ef8d15]" started-at="2026-06-10T00:50:50 IST" name="searchByRoleTest" finished-at="2026-06-10T00:50:53 IST" duration-ms="3203" status="PASS">
          <reporter-output>
          </reporter-output>
        </test-method> <!-- searchByRoleTest -->
        <test-method signature="searchByStatusTest()[pri:4, instance:testCases.AdminTest@72ef8d15]" started-at="2026-06-10T00:50:53 IST" name="searchByStatusTest" finished-at="2026-06-10T00:50:56 IST" duration-ms="2806" status="PASS">
          <reporter-output>
          </reporter-output>
        </test-method> <!-- searchByStatusTest -->
        <test-method is-config="true" signature="tearDown()[pri:0, instance:testCases.AdminTest@72ef8d15]" started-at="2026-06-10T00:50:56 IST" name="tearDown" finished-at="2026-06-10T00:50:57 IST" duration-ms="469" status="PASS">
          <reporter-output>
          </reporter-output>
        </test-method> <!-- tearDown -->
      </class> <!-- testCases.AdminTest -->
    </test> <!-- Search user -->
    <test started-at="2026-06-10T00:50:37 IST" name="Login Test" finished-at="2026-06-10T00:51:03 IST" duration-ms="26166">
      <class name="testCases.LoginTest">
        <test-method is-config="true" signature="setup()[pri:0, instance:testCases.LoginTest@198b6731]" started-at="2026-06-10T00:50:37 IST" name="setup" finished-at="2026-06-10T00:50:42 IST" duration-ms="5606" status="PASS">
          <reporter-output>
          </reporter-output>
        </test-method> <!-- setup -->
        <test-method signature="loginTest(java.lang.String,java.lang.String)[pri:0, instance:testCases.LoginTest@198b6731]" started-at="2026-06-10T00:50:44 IST" name="loginTest" data-provider="LoginData" finished-at="2026-06-10T00:50:48 IST" duration-ms="4629" status="PASS">
          <params>
            <param index="0">
              <value>
                <![CDATA[Admin]]>
              </value>
            </param>
            <param index="1">
              <value>
                <![CDATA[admin123]]>
              </value>
            </param>
          </params>
          <reporter-output>
          </reporter-output>
        </test-method> <!-- loginTest -->
        <test-method signature="loginTest(java.lang.String,java.lang.String)[pri:0, instance:testCases.LoginTest@198b6731]" started-at="2026-06-10T00:50:49 IST" name="loginTest" data-provider="LoginData" finished-at="2026-06-10T00:50:52 IST" duration-ms="3357" status="PASS">
          <params>
            <param index="0">
              <value>
                <![CDATA[admin]]>
              </value>
            </param>
            <param index="1">
              <value>
                <![CDATA[admin12]]>
              </value>
            </param>
          </params>
          <reporter-output>
          </reporter-output>
        </test-method> <!-- loginTest -->
        <test-method signature="loginTest(java.lang.String,java.lang.String)[pri:0, instance:testCases.LoginTest@198b6731]" started-at="2026-06-10T00:50:52 IST" name="loginTest" data-provider="LoginData" finished-at="2026-06-10T00:50:55 IST" duration-ms="3328" status="PASS">
          <params>
            <param index="0">
              <value>
                <![CDATA[admin123]]>
              </value>
            </param>
            <param index="1">
              <value>
                <![CDATA[admin123]]>
              </value>
            </param>
          </params>
          <reporter-output>
          </reporter-output>
        </test-method> <!-- loginTest -->
        <test-method signature="loginTest(java.lang.String,java.lang.String)[pri:0, instance:testCases.LoginTest@198b6731]" started-at="2026-06-10T00:50:55 IST" name="loginTest" data-provider="LoginData" finished-at="2026-06-10T00:50:59 IST" duration-ms="3289" status="PASS">
          <params>
            <param index="0">
              <value>
                <![CDATA[Test]]>
              </value>
            </param>
            <param index="1">
              <value>
                <![CDATA[Test123]]>
              </value>
            </param>
          </params>
          <reporter-output>
          </reporter-output>
        </test-method> <!-- loginTest -->
        <test-method signature="loginTest(java.lang.String,java.lang.String)[pri:0, instance:testCases.LoginTest@198b6731]" started-at="2026-06-10T00:50:59 IST" name="loginTest" data-provider="LoginData" finished-at="2026-06-10T00:51:02 IST" duration-ms="3335" status="PASS">
          <params>
            <param index="0">
              <value>
                <![CDATA[testing]]>
              </value>
            </param>
            <param index="1">
              <value>
                <![CDATA[admin]]>
              </value>
            </param>
          </params>
          <reporter-output>
          </reporter-output>
        </test-method> <!-- loginTest -->
        <test-method is-config="true" signature="tearDown()[pri:0, instance:testCases.LoginTest@198b6731]" started-at="2026-06-10T00:51:02 IST" name="tearDown" finished-at="2026-06-10T00:51:03 IST" duration-ms="385" status="PASS">
          <reporter-output>
          </reporter-output>
        </test-method> <!-- tearDown -->
      </class> <!-- testCases.LoginTest -->
    </test> <!-- Login Test -->
  </suite> <!-- Login Page and search user vilidation -->
</testng-results>
