<?xml version="1.0" encoding="UTF-8"?>
<testng-results ignored="0" total="9" passed="9" failed="0" skipped="0">
  <reporter-output>
  </reporter-output>
  <suite started-at="2026-06-09T23:36:12 IST" name="Login Page and search user vilidation" finished-at="2026-06-09T23:36:42 IST" duration-ms="29645">
    <groups>
    </groups>
    <test started-at="2026-06-09T23:36:12 IST" name="Search user" finished-at="2026-06-09T23:36:37 IST" duration-ms="24384">
      <class name="testCases.AdminTest">
        <test-method is-config="true" signature="setup()[pri:0, instance:testCases.AdminTest@239105a8]" started-at="2026-06-09T23:36:12 IST" name="setup" finished-at="2026-06-09T23:36:19 IST" duration-ms="6750" status="PASS">
          <reporter-output>
          </reporter-output>
        </test-method> <!-- setup -->
        <test-method is-config="true" signature="loginSetup()[pri:0, instance:testCases.AdminTest@239105a8]" started-at="2026-06-09T23:36:19 IST" name="loginSetup" finished-at="2026-06-09T23:36:23 IST" duration-ms="4423" status="PASS">
          <reporter-output>
          </reporter-output>
        </test-method> <!-- loginSetup -->
        <test-method signature="verifyLeftMenuCount()[pri:1, instance:testCases.AdminTest@239105a8]" started-at="2026-06-09T23:36:23 IST" name="verifyLeftMenuCount" finished-at="2026-06-09T23:36:23 IST" duration-ms="48" status="PASS">
          <reporter-output>
          </reporter-output>
        </test-method> <!-- verifyLeftMenuCount -->
        <test-method signature="searchByUsernameTest()[pri:2, instance:testCases.AdminTest@239105a8]" started-at="2026-06-09T23:36:24 IST" name="searchByUsernameTest" finished-at="2026-06-09T23:36:27 IST" duration-ms="3548" status="PASS">
          <reporter-output>
          </reporter-output>
        </test-method> <!-- searchByUsernameTest -->
        <test-method signature="searchByRoleTest()[pri:3, instance:testCases.AdminTest@239105a8]" started-at="2026-06-09T23:36:28 IST" name="searchByRoleTest" finished-at="2026-06-09T23:36:31 IST" duration-ms="3638" status="PASS">
          <reporter-output>
          </reporter-output>
        </test-method> <!-- searchByRoleTest -->
        <test-method signature="searchByStatusTest()[pri:4, instance:testCases.AdminTest@239105a8]" started-at="2026-06-09T23:36:31 IST" name="searchByStatusTest" finished-at="2026-06-09T23:36:36 IST" duration-ms="4485" status="PASS">
          <reporter-output>
          </reporter-output>
        </test-method> <!-- searchByStatusTest -->
        <test-method is-config="true" signature="tearDown()[pri:0, instance:testCases.AdminTest@239105a8]" started-at="2026-06-09T23:36:36 IST" name="tearDown" finished-at="2026-06-09T23:36:37 IST" duration-ms="473" status="PASS">
          <reporter-output>
          </reporter-output>
        </test-method> <!-- tearDown -->
      </class> <!-- testCases.AdminTest -->
    </test> <!-- Search user -->
    <test started-at="2026-06-09T23:36:12 IST" name="Login Test" finished-at="2026-06-09T23:36:42 IST" duration-ms="29645">
      <class name="testCases.LoginTest">
        <test-method is-config="true" signature="setup()[pri:0, instance:testCases.LoginTest@376a0d86]" started-at="2026-06-09T23:36:12 IST" name="setup" finished-at="2026-06-09T23:36:20 IST" duration-ms="7329" status="PASS">
          <reporter-output>
          </reporter-output>
        </test-method> <!-- setup -->
        <test-method signature="loginTest(java.lang.String,java.lang.String)[pri:0, instance:testCases.LoginTest@376a0d86]" started-at="2026-06-09T23:36:22 IST" name="loginTest" data-provider="LoginData" finished-at="2026-06-09T23:36:27 IST" duration-ms="5032" status="PASS">
          <params>
            <param index="0">
              <value>
                <![CDATA[Admin]]>
              </value>
            </param>
            <param index="1">
              <value>
                <![CDATA[admin123]]>
              </value>
            </param>
          </params>
          <reporter-output>
          </reporter-output>
        </test-method> <!-- loginTest -->
        <test-method signature="loginTest(java.lang.String,java.lang.String)[pri:0, instance:testCases.LoginTest@376a0d86]" started-at="2026-06-09T23:36:27 IST" name="loginTest" data-provider="LoginData" finished-at="2026-06-09T23:36:31 IST" duration-ms="3433" status="PASS">
          <params>
            <param index="0">
              <value>
                <![CDATA[admin]]>
              </value>
            </param>
            <param index="1">
              <value>
                <![CDATA[admin12]]>
              </value>
            </param>
          </params>
          <reporter-output>
          </reporter-output>
        </test-method> <!-- loginTest -->
        <test-method signature="loginTest(java.lang.String,java.lang.String)[pri:0, instance:testCases.LoginTest@376a0d86]" started-at="2026-06-09T23:36:31 IST" name="loginTest" data-provider="LoginData" finished-at="2026-06-09T23:36:34 IST" duration-ms="3445" status="PASS">
          <params>
            <param index="0">
              <value>
                <![CDATA[admin123]]>
              </value>
            </param>
            <param index="1">
              <value>
                <![CDATA[admin123]]>
              </value>
            </param>
          </params>
          <reporter-output>
          </reporter-output>
        </test-method> <!-- loginTest -->
        <test-method signature="loginTest(java.lang.String,java.lang.String)[pri:0, instance:testCases.LoginTest@376a0d86]" started-at="2026-06-09T23:36:34 IST" name="loginTest" data-provider="LoginData" finished-at="2026-06-09T23:36:38 IST" duration-ms="3642" status="PASS">
          <params>
            <param index="0">
              <value>
                <![CDATA[Test]]>
              </value>
            </param>
            <param index="1">
              <value>
                <![CDATA[Test123]]>
              </value>
            </param>
          </params>
          <reporter-output>
          </reporter-output>
        </test-method> <!-- loginTest -->
        <test-method signature="loginTest(java.lang.String,java.lang.String)[pri:0, instance:testCases.LoginTest@376a0d86]" started-at="2026-06-09T23:36:38 IST" name="loginTest" data-provider="LoginData" finished-at="2026-06-09T23:36:41 IST" duration-ms="3376" status="PASS">
          <params>
            <param index="0">
              <value>
                <![CDATA[testing]]>
              </value>
            </param>
            <param index="1">
              <value>
                <![CDATA[admin]]>
              </value>
            </param>
          </params>
          <reporter-output>
          </reporter-output>
        </test-method> <!-- loginTest -->
        <test-method is-config="true" signature="tearDown()[pri:0, instance:testCases.LoginTest@376a0d86]" started-at="2026-06-09T23:36:41 IST" name="tearDown" finished-at="2026-06-09T23:36:42 IST" duration-ms="384" status="PASS">
          <reporter-output>
          </reporter-output>
        </test-method> <!-- tearDown -->
        <test-method is-config="true" signature="logout()[pri:0, instance:testCases.LoginTest@376a0d86]" started-at="2026-06-09T23:36:42 IST" name="logout" finished-at="2026-06-09T23:36:42 IST" duration-ms="1" status="PASS">
          <reporter-output>
          </reporter-output>
        </test-method> <!-- logout -->
      </class> <!-- testCases.LoginTest -->
    </test> <!-- Login Test -->
  </suite> <!-- Login Page and search user vilidation -->
</testng-results>
