<?xml version="1.0" encoding="UTF-8"?>
<!-- Generated by org.testng.reporters.JUnitReportReporter -->
<testsuite hostname="pintu-kumar-sah" failures="0" tests="5" name="testCases.LoginTest" time="17.938" errors="0" timestamp="2026-06-10T00:51:03 IST" skipped="0">
  <testcase classname="testCases.LoginTest" name="loginTest" time="3.335"/>
  <testcase classname="testCases.LoginTest" name="loginTest" time="3.357"/>
  <testcase classname="testCases.LoginTest" name="loginTest" time="3.328"/>
  <testcase classname="testCases.LoginTest" name="loginTest" time="3.289"/>
  <testcase classname="testCases.LoginTest" name="loginTest" time="4.629"/>
</testsuite> <!-- testCases.LoginTest -->
