<?xml version="1.0" encoding="UTF-8"?>
<!-- Generated by org.testng.reporters.JUnitReportReporter -->
<testsuite hostname="pintu-kumar-sah" failures="0" tests="5" name="testCases.LoginTest" time="18.928" errors="0" timestamp="2026-06-09T23:36:42 IST" skipped="0">
  <testcase classname="testCases.LoginTest" name="loginTest" time="5.032"/>
  <testcase classname="testCases.LoginTest" name="loginTest" time="3.433"/>
  <testcase classname="testCases.LoginTest" name="loginTest" time="3.376"/>
  <testcase classname="testCases.LoginTest" name="loginTest" time="3.642"/>
  <testcase classname="testCases.LoginTest" name="loginTest" time="3.445"/>
</testsuite> <!-- testCases.LoginTest -->
