<?xml version="1.0" encoding="UTF-8"?>
<!-- Generated by org.testng.reporters.JUnitReportReporter -->
<testsuite hostname="pintu-kumar-sah" failures="0" tests="4" name="testCases.AdminTest" time="8.832" errors="0" timestamp="2026-06-10T00:51:03 IST" skipped="0">
  <testcase classname="testCases.AdminTest" name="verifyLeftMenuCount" time="0.040"/>
  <testcase classname="testCases.AdminTest" name="searchByUsernameTest" time="2.783"/>
  <testcase classname="testCases.AdminTest" name="searchByRoleTest" time="3.203"/>
  <testcase classname="testCases.AdminTest" name="searchByStatusTest" time="2.806"/>
</testsuite> <!-- testCases.AdminTest -->
